  source.c
C:\Users\PC2409\Desktop\GameProject\GameProject_sbs\MafiaGame\source.c(117,135): warning C4474: 'printf' : 서식 문자열에 전달된 인수가 너무 많습니다.
      C:\Users\PC2409\Desktop\GameProject\GameProject_sbs\MafiaGame\source.c(117,135):
      자리 표시자 및 해당 매개 변수에는 variadic 인수가 0개 필요하지만 1개가 제공되었습니다.
  
C:\Users\PC2409\Desktop\GameProject\GameProject_sbs\MafiaGame\source.c(179,10): warning C4476: 'printf' : 서식 지정자에 알 수 없는 형식 필드 문자 '\xeb'이(가) 있습니다.
C:\Users\PC2409\Desktop\GameProject\GameProject_sbs\MafiaGame\source.c(179,74): warning C4474: 'printf' : 서식 문자열에 전달된 인수가 너무 많습니다.
      C:\Users\PC2409\Desktop\GameProject\GameProject_sbs\MafiaGame\source.c(179,74):
      자리 표시자 및 해당 매개 변수에는 variadic 인수가 1개 필요하지만 2개가 제공되었습니다.
  
C:\Users\PC2409\Desktop\GameProject\GameProject_sbs\MafiaGame\source.c(180,10): warning C4476: 'printf' : 서식 지정자에 알 수 없는 형식 필드 문자 '\xeb'이(가) 있습니다.
C:\Users\PC2409\Desktop\GameProject\GameProject_sbs\MafiaGame\source.c(180,87): warning C4474: 'printf' : 서식 문자열에 전달된 인수가 너무 많습니다.
      C:\Users\PC2409\Desktop\GameProject\GameProject_sbs\MafiaGame\source.c(180,87):
      자리 표시자 및 해당 매개 변수에는 variadic 인수가 0개 필요하지만 1개가 제공되었습니다.
  
C:\Users\PC2409\Desktop\GameProject\GameProject_sbs\MafiaGame\source.c(202,11): warning C4476: 'printf' : 서식 지정자에 알 수 없는 형식 필드 문자 '\xeb'이(가) 있습니다.
C:\Users\PC2409\Desktop\GameProject\GameProject_sbs\MafiaGame\source.c(202,36): warning C4474: 'printf' : 서식 문자열에 전달된 인수가 너무 많습니다.
      C:\Users\PC2409\Desktop\GameProject\GameProject_sbs\MafiaGame\source.c(202,36):
      자리 표시자 및 해당 매개 변수에는 variadic 인수가 0개 필요하지만 1개가 제공되었습니다.
  
C:\Users\PC2409\Desktop\GameProject\GameProject_sbs\MafiaGame\source.c(225,9): warning C4476: 'printf' : 서식 지정자에 알 수 없는 형식 필드 문자 '\xeb'이(가) 있습니다.
C:\Users\PC2409\Desktop\GameProject\GameProject_sbs\MafiaGame\source.c(225,71): warning C4474: 'printf' : 서식 문자열에 전달된 인수가 너무 많습니다.
      C:\Users\PC2409\Desktop\GameProject\GameProject_sbs\MafiaGame\source.c(225,71):
      자리 표시자 및 해당 매개 변수에는 variadic 인수가 0개 필요하지만 1개가 제공되었습니다.
  
C:\Users\PC2409\Desktop\GameProject\GameProject_sbs\MafiaGame\source.c(263,2): warning C4013: 'pasue'이(가) 정의되지 않았습니다. extern은 int형을 반환하는 것으로 간주합니다.
source.obj : error LNK2019: pasuemain 함수에서 참조되는 확인할 수 없는 외부 기호
C:\Users\PC2409\Desktop\GameProject\GameProject_sbs\MafiaGame\x64\Debug\MafiaGame.exe : fatal error LNK1120: 1개의 확인할 수 없는 외부 참조입니다.
